<?xml version="1.0" encoding="UTF-8"?>
<!-- Generated by org.testng.reporters.JUnitReportReporter -->
<testsuite hostname="GILBERT" failures="0" tests="2" name="org.upload_file.using_sendkey_methods" time="9.708" errors="0" timestamp="2024-09-18T11:04:37 IST" skipped="0">
  <testcase classname="org.upload_file.using_sendkey_methods" name="tc2" time="4.912"/>
  <system-out/>
  <testcase classname="org.upload_file.using_sendkey_methods" name="tc1" time="4.796"/>
  <system-out/>
</testsuite> <!-- org.upload_file.using_sendkey_methods -->
