<?xml version="1.0" encoding="UTF-8"?>
<!-- Generated by org.testng.reporters.JUnitReportReporter -->
<testsuite hostname="GILBERT" failures="0" tests="8" name="org.optiosol.OptisolTestngProgram" time="39.771" errors="0" timestamp="2024-09-14T19:11:14 IST" skipped="0">
  <testcase classname="org.optiosol.OptisolTestngProgram" name="tc2" time="15.084"/>
  <system-out/>
  <testcase classname="org.optiosol.OptisolTestngProgram" name="tc7" time="0.283"/>
  <system-out/>
  <testcase classname="org.optiosol.OptisolTestngProgram" name="tc4" time="9.173"/>
  <system-out/>
  <testcase classname="org.optiosol.OptisolTestngProgram" name="tc2" time="4.553"/>
  <system-out/>
  <testcase classname="org.optiosol.OptisolTestngProgram" name="tc7" time="1.440"/>
  <system-out/>
  <testcase classname="org.optiosol.OptisolTestngProgram" name="tc3" time="0.042"/>
  <system-out/>
  <testcase classname="org.optiosol.OptisolTestngProgram" name="tc3" time="0.021"/>
  <system-out/>
  <testcase classname="org.optiosol.OptisolTestngProgram" name="tc4" time="9.175"/>
  <system-out/>
</testsuite> <!-- org.optiosol.OptisolTestngProgram -->
