<?xml version="1.0" encoding="UTF-8"?>
<!-- Generated by org.testng.reporters.JUnitReportReporter -->
<testsuite hostname="GILBERT" failures="0" tests="4" name="windows_handle.WH" time="20.461" errors="0" timestamp="2024-09-09T19:59:29 IST" skipped="0">
  <testcase classname="windows_handle.WH" name="tc4" time="3.098"/>
  <system-out/>
  <testcase classname="windows_handle.WH" name="tc2" time="7.503"/>
  <system-out/>
  <testcase classname="windows_handle.WH" name="tc3" time="3.718"/>
  <system-out/>
  <testcase classname="windows_handle.WH" name="tc1" time="6.142"/>
  <system-out/>
</testsuite> <!-- windows_handle.WH -->
